<?xml version="1.0" encoding="UTF-8"?>
<testsuites><testsuite name="BackstopJS" tests="9"><testcase name=" ›› Home Page" classname=".jumbotron"/><testcase name=" ›› Home Page" classname="todo-header"/><testcase name=" ›› Home Page" classname=".jumbotron"/><testcase name=" ›› Home Page" classname="todo-header"/><testcase name=" ›› Home Page" classname=".jumbotron"/><testcase name=" ›› Home Page" classname="todo-header"/><testcase name=" ›› List item" classname="li.list-group-item"/><testcase name=" ›› List item" classname="li.list-group-item"/><testcase name=" ›› List item" classname="li.list-group-item"/></testsuite></testsuites>